	Command being timed: "python3 aespy.py text.txt"
	User time (seconds): 3.22
	System time (seconds): 2.59
	Percent of CPU this job got: 28%
	Elapsed (wall clock) time (h:mm:ss or m:ss): 0:20.14
	Average shared text size (kbytes): 0
	Average unshared data size (kbytes): 0
	Average stack size (kbytes): 0
	Average total size (kbytes): 0
	Maximum resident set size (kbytes): 554728
	Average resident set size (kbytes): 0
	Major (requiring I/O) page faults: 0
	Minor (reclaiming a frame) page faults: 415127
	Voluntary context switches: 5027
	Involuntary context switches: 75
	Swaps: 0
	File system inputs: 0
	File system outputs: 0
	Socket messages sent: 0
	Socket messages received: 0
	Signals delivered: 0
	Page size (bytes): 4096
	Exit status: 0

==== RESULTADO FINAL AES Python ====
Tempo: 20.14s
RAM: 554728 KB
CPU: 28%
