	Command being timed: "./aes text.txt"
	User time (seconds): 29.21
	System time (seconds): 7.20
	Percent of CPU this job got: 82%
	Elapsed (wall clock) time (h:mm:ss or m:ss): 0:43.94
	Average shared text size (kbytes): 0
	Average unshared data size (kbytes): 0
	Average stack size (kbytes): 0
	Average total size (kbytes): 0
	Maximum resident set size (kbytes): 21120
	Average resident set size (kbytes): 0
	Major (requiring I/O) page faults: 0
	Minor (reclaiming a frame) page faults: 4991
	Voluntary context switches: 1151
	Involuntary context switches: 73
	Swaps: 0
	File system inputs: 0
	File system outputs: 0
	Socket messages sent: 0
	Socket messages received: 0
	Signals delivered: 0
	Page size (bytes): 4096
	Exit status: 0

==== RESULTADO FINAL AES C ====
Tempo: 43.94s
RAM: 21120 KB
CPU: 82%
